2026-05-30 22:26:55,274 | INFO | Log file: /raid/home/user3/projects/ruslan_ihc/outputs/logs/ihc_binary_PR_resnet18_seed_42_20260530_222655.log
2026-05-30 22:26:56,134 | INFO | Marker: PR
2026-05-30 22:26:56,134 | INFO | Manifest: src/data/ihc_binary_dataset/manifest.csv
2026-05-30 22:26:56,134 | INFO | Images: 24971
2026-05-30 22:26:56,136 | INFO | Patients: 60
2026-05-30 22:26:56,138 | INFO | Label counts: {1: 22099, 0: 2872}
2026-05-30 22:26:56,138 | INFO | Class meaning: 0=negative, 1=positive
2026-05-30 22:26:56,138 | INFO | Splitter: StratifiedGroupKFold
2026-05-30 22:26:56,142 | INFO | Fold 1/5 | train=21540 imgs/49 patients {1: 19000, 0: 2540} | val=3431 imgs/11 patients {0: 332, 1: 3099} | overlap=0
2026-05-30 22:26:56,188 | INFO | Fold 2/5 | train=21297 imgs/49 patients {1: 18809, 0: 2488} | val=3674 imgs/11 patients {1: 3290, 0: 384} | overlap=0
2026-05-30 22:26:56,228 | INFO | Fold 3/5 | train=19110 imgs/49 patients {1: 16819, 0: 2291} | val=5861 imgs/11 patients {1: 5280, 0: 581} | overlap=0
2026-05-30 22:26:56,272 | INFO | Fold 4/5 | train=19012 imgs/46 patients {1: 16962, 0: 2050} | val=5959 imgs/14 patients {0: 822, 1: 5137} | overlap=0
2026-05-30 22:26:56,309 | INFO | Fold 5/5 | train=18925 imgs/47 patients {1: 16806, 0: 2119} | val=6046 imgs/13 patients {1: 5293, 0: 753} | overlap=0
2026-05-30 22:26:56,344 | INFO | Device: cuda
2026-05-30 22:26:56,345 | INFO | CUDA device: NVIDIA H200
2026-05-30 22:26:56,345 | INFO | AMP enabled: True
2026-05-30 22:26:56,345 | INFO | === Training fold 1/5 ===
2026-05-30 22:27:29,181 | INFO | Epoch [1/50] train_loss=0.2633 val_loss=0.2836 acc=0.9432 f1=0.9679 auc=0.9496
2026-05-30 22:27:29,320 | INFO | New best checkpoint: /raid/home/user3/projects/ruslan_ihc/checkpoints/ihc_binary_PR_resnet18_fold_1_seed_42_best.pth
2026-05-30 22:28:03,251 | INFO | Epoch [2/50] train_loss=0.1638 val_loss=0.1903 acc=0.9464 f1=0.9697 auc=0.9664
2026-05-30 22:28:03,376 | INFO | New best checkpoint: /raid/home/user3/projects/ruslan_ihc/checkpoints/ihc_binary_PR_resnet18_fold_1_seed_42_best.pth
2026-05-30 22:28:32,605 | INFO | Epoch [3/50] train_loss=0.1300 val_loss=0.1352 acc=0.9644 f1=0.9801 auc=0.9801
2026-05-30 22:28:32,729 | INFO | New best checkpoint: /raid/home/user3/projects/ruslan_ihc/checkpoints/ihc_binary_PR_resnet18_fold_1_seed_42_best.pth
2026-05-30 22:29:04,362 | INFO | Epoch [4/50] train_loss=0.1182 val_loss=0.1678 acc=0.9650 f1=0.9804 auc=0.9694
2026-05-30 22:29:36,377 | INFO | Epoch [5/50] train_loss=0.1079 val_loss=0.2148 acc=0.9778 f1=0.9877 auc=0.9602
2026-05-30 22:30:09,240 | INFO | Epoch [6/50] train_loss=0.0947 val_loss=0.1870 acc=0.9799 f1=0.9889 auc=0.9709
2026-05-30 22:30:41,029 | INFO | Epoch [7/50] train_loss=0.0951 val_loss=0.1333 acc=0.9709 f1=0.9838 auc=0.9856
2026-05-30 22:30:41,155 | INFO | New best checkpoint: /raid/home/user3/projects/ruslan_ihc/checkpoints/ihc_binary_PR_resnet18_fold_1_seed_42_best.pth
2026-05-30 22:31:08,879 | INFO | Epoch [8/50] train_loss=0.0892 val_loss=0.2227 acc=0.9787 f1=0.9883 auc=0.9674
2026-05-30 22:31:36,117 | INFO | Epoch [9/50] train_loss=0.0885 val_loss=0.2307 acc=0.9539 f1=0.9741 auc=0.9579
2026-05-30 22:32:07,314 | INFO | Epoch [10/50] train_loss=0.0854 val_loss=0.2433 acc=0.9787 f1=0.9883 auc=0.9652
2026-05-30 22:32:39,760 | INFO | Epoch [11/50] train_loss=0.0800 val_loss=0.1576 acc=0.9802 f1=0.9890 auc=0.9792
2026-05-30 22:33:11,018 | INFO | Epoch [12/50] train_loss=0.0782 val_loss=0.1695 acc=0.9682 f1=0.9823 auc=0.9763
2026-05-30 22:33:11,086 | INFO | Early stopping triggered
2026-05-30 22:33:11,092 | INFO | === Training fold 2/5 ===
2026-05-30 22:33:44,534 | INFO | Epoch [1/50] train_loss=0.2636 val_loss=0.1746 acc=0.9679 f1=0.9820 auc=0.9692
2026-05-30 22:33:44,659 | INFO | New best checkpoint: /raid/home/user3/projects/ruslan_ihc/checkpoints/ihc_binary_PR_resnet18_fold_2_seed_42_best.pth
2026-05-30 22:34:15,907 | INFO | Epoch [2/50] train_loss=0.1722 val_loss=0.2277 acc=0.9023 f1=0.9427 auc=0.9679
2026-05-30 22:34:44,505 | INFO | Epoch [3/50] train_loss=0.1370 val_loss=0.1463 acc=0.9589 f1=0.9768 auc=0.9800
2026-05-30 22:34:44,633 | INFO | New best checkpoint: /raid/home/user3/projects/ruslan_ihc/checkpoints/ihc_binary_PR_resnet18_fold_2_seed_42_best.pth
2026-05-30 22:35:08,839 | INFO | Epoch [4/50] train_loss=0.1133 val_loss=0.1497 acc=0.9472 f1=0.9699 auc=0.9806
2026-05-30 22:35:33,136 | INFO | Epoch [5/50] train_loss=0.1019 val_loss=0.1506 acc=0.9679 f1=0.9819 auc=0.9797
2026-05-30 22:35:56,517 | INFO | Epoch [6/50] train_loss=0.0971 val_loss=0.1390 acc=0.9684 f1=0.9822 auc=0.9803
2026-05-30 22:35:56,637 | INFO | New best checkpoint: /raid/home/user3/projects/ruslan_ihc/checkpoints/ihc_binary_PR_resnet18_fold_2_seed_42_best.pth
2026-05-30 22:36:22,521 | INFO | Epoch [7/50] train_loss=0.0917 val_loss=0.1750 acc=0.9788 f1=0.9881 auc=0.9811
2026-05-30 22:36:47,209 | INFO | Epoch [8/50] train_loss=0.0864 val_loss=0.1849 acc=0.9298 f1=0.9594 auc=0.9778
2026-05-30 22:37:11,764 | INFO | Epoch [9/50] train_loss=0.0857 val_loss=0.1665 acc=0.9684 f1=0.9823 auc=0.9696
2026-05-30 22:37:35,659 | INFO | Epoch [10/50] train_loss=0.0730 val_loss=0.2231 acc=0.9777 f1=0.9875 auc=0.9779
2026-05-30 22:38:04,493 | INFO | Epoch [11/50] train_loss=0.0724 val_loss=0.1916 acc=0.9788 f1=0.9881 auc=0.9825
2026-05-30 22:38:04,559 | INFO | Early stopping triggered
2026-05-30 22:38:04,949 | INFO | === Training fold 3/5 ===
2026-05-30 22:38:35,222 | INFO | Epoch [1/50] train_loss=0.2483 val_loss=0.2144 acc=0.9425 f1=0.9676 auc=0.9550
2026-05-30 22:38:35,352 | INFO | New best checkpoint: /raid/home/user3/projects/ruslan_ihc/checkpoints/ihc_binary_PR_resnet18_fold_3_seed_42_best.pth
2026-05-30 22:39:05,570 | INFO | Epoch [2/50] train_loss=0.1751 val_loss=0.1812 acc=0.9437 f1=0.9681 auc=0.9795
2026-05-30 22:39:05,981 | INFO | New best checkpoint: /raid/home/user3/projects/ruslan_ihc/checkpoints/ihc_binary_PR_resnet18_fold_3_seed_42_best.pth
2026-05-30 22:39:38,170 | INFO | Epoch [3/50] train_loss=0.1505 val_loss=0.1432 acc=0.9776 f1=0.9876 auc=0.9878
2026-05-30 22:39:38,302 | INFO | New best checkpoint: /raid/home/user3/projects/ruslan_ihc/checkpoints/ihc_binary_PR_resnet18_fold_3_seed_42_best.pth
2026-05-30 22:40:09,302 | INFO | Epoch [4/50] train_loss=0.1270 val_loss=0.1538 acc=0.9312 f1=0.9605 auc=0.9891
2026-05-30 22:40:42,536 | INFO | Epoch [5/50] train_loss=0.1214 val_loss=0.0948 acc=0.9807 f1=0.9893 auc=0.9942
2026-05-30 22:40:42,662 | INFO | New best checkpoint: /raid/home/user3/projects/ruslan_ihc/checkpoints/ihc_binary_PR_resnet18_fold_3_seed_42_best.pth
2026-05-30 22:41:13,495 | INFO | Epoch [6/50] train_loss=0.1121 val_loss=0.1026 acc=0.9710 f1=0.9837 auc=0.9908
2026-05-30 22:41:45,890 | INFO | Epoch [7/50] train_loss=0.0970 val_loss=0.1562 acc=0.9555 f1=0.9749 auc=0.9790
2026-05-30 22:42:24,980 | INFO | Epoch [8/50] train_loss=0.1031 val_loss=0.0985 acc=0.9734 f1=0.9851 auc=0.9905
2026-05-30 22:42:58,041 | INFO | Epoch [9/50] train_loss=0.0952 val_loss=0.1319 acc=0.9783 f1=0.9880 auc=0.9881
2026-05-30 22:43:30,740 | INFO | Epoch [10/50] train_loss=0.0907 val_loss=0.0867 acc=0.9691 f1=0.9826 auc=0.9942
2026-05-30 22:43:30,866 | INFO | New best checkpoint: /raid/home/user3/projects/ruslan_ihc/checkpoints/ihc_binary_PR_resnet18_fold_3_seed_42_best.pth
2026-05-30 22:44:00,294 | INFO | Epoch [11/50] train_loss=0.0841 val_loss=0.0940 acc=0.9759 f1=0.9865 auc=0.9914
2026-05-30 22:44:33,111 | INFO | Epoch [12/50] train_loss=0.0758 val_loss=0.0859 acc=0.9722 f1=0.9844 auc=0.9925
2026-05-30 22:44:33,236 | INFO | New best checkpoint: /raid/home/user3/projects/ruslan_ihc/checkpoints/ihc_binary_PR_resnet18_fold_3_seed_42_best.pth
2026-05-30 22:45:03,260 | INFO | Epoch [13/50] train_loss=0.0790 val_loss=0.1155 acc=0.9773 f1=0.9873 auc=0.9882
2026-05-30 22:45:27,233 | INFO | Epoch [14/50] train_loss=0.0767 val_loss=0.1545 acc=0.9834 f1=0.9908 auc=0.9862
2026-05-30 22:45:53,120 | INFO | Epoch [15/50] train_loss=0.0697 val_loss=0.1482 acc=0.9710 f1=0.9838 auc=0.9841
2026-05-30 22:46:16,897 | INFO | Epoch [16/50] train_loss=0.0655 val_loss=0.1591 acc=0.9821 f1=0.9901 auc=0.9884
2026-05-30 22:46:40,083 | INFO | Epoch [17/50] train_loss=0.0651 val_loss=0.1282 acc=0.9727 f1=0.9848 auc=0.9868
2026-05-30 22:46:40,145 | INFO | Early stopping triggered
2026-05-30 22:46:40,151 | INFO | === Training fold 4/5 ===
2026-05-30 22:47:04,835 | INFO | Epoch [1/50] train_loss=0.2652 val_loss=0.3396 acc=0.9619 f1=0.9782 auc=0.9497
2026-05-30 22:47:04,959 | INFO | New best checkpoint: /raid/home/user3/projects/ruslan_ihc/checkpoints/ihc_binary_PR_resnet18_fold_4_seed_42_best.pth
2026-05-30 22:47:29,640 | INFO | Epoch [2/50] train_loss=0.1805 val_loss=0.7018 acc=0.9149 f1=0.9527 auc=0.9526
2026-05-30 22:47:55,208 | INFO | Epoch [3/50] train_loss=0.1564 val_loss=0.1617 acc=0.9238 f1=0.9543 auc=0.9803
2026-05-30 22:47:55,342 | INFO | New best checkpoint: /raid/home/user3/projects/ruslan_ihc/checkpoints/ihc_binary_PR_resnet18_fold_4_seed_42_best.pth
2026-05-30 22:48:17,546 | INFO | Epoch [4/50] train_loss=0.1293 val_loss=0.1886 acc=0.9272 f1=0.9564 auc=0.9727
2026-05-30 22:48:41,409 | INFO | Epoch [5/50] train_loss=0.1157 val_loss=0.1477 acc=0.9617 f1=0.9776 auc=0.9865
2026-05-30 22:48:41,535 | INFO | New best checkpoint: /raid/home/user3/projects/ruslan_ihc/checkpoints/ihc_binary_PR_resnet18_fold_4_seed_42_best.pth
2026-05-30 22:49:05,786 | INFO | Epoch [6/50] train_loss=0.1076 val_loss=0.1650 acc=0.9735 f1=0.9846 auc=0.9885
2026-05-30 22:49:35,555 | INFO | Epoch [7/50] train_loss=0.0904 val_loss=0.2121 acc=0.9636 f1=0.9788 auc=0.9770
2026-05-30 22:50:07,269 | INFO | Epoch [8/50] train_loss=0.0858 val_loss=0.1503 acc=0.9481 f1=0.9693 auc=0.9870
2026-05-30 22:50:40,020 | INFO | Epoch [9/50] train_loss=0.0896 val_loss=0.3357 acc=0.9545 f1=0.9739 auc=0.9804
2026-05-30 22:51:11,730 | INFO | Epoch [10/50] train_loss=0.0912 val_loss=0.1789 acc=0.9632 f1=0.9785 auc=0.9832
2026-05-30 22:51:11,805 | INFO | Early stopping triggered
2026-05-30 22:51:11,809 | INFO | === Training fold 5/5 ===
2026-05-30 22:51:46,011 | INFO | Epoch [1/50] train_loss=0.2818 val_loss=0.1394 acc=0.9252 f1=0.9557 auc=0.9835
2026-05-30 22:51:46,146 | INFO | New best checkpoint: /raid/home/user3/projects/ruslan_ihc/checkpoints/ihc_binary_PR_resnet18_fold_5_seed_42_best.pth
2026-05-30 22:52:20,573 | INFO | Epoch [2/50] train_loss=0.1790 val_loss=0.1373 acc=0.9487 f1=0.9701 auc=0.9813
2026-05-30 22:52:21,064 | INFO | New best checkpoint: /raid/home/user3/projects/ruslan_ihc/checkpoints/ihc_binary_PR_resnet18_fold_5_seed_42_best.pth
2026-05-30 22:53:01,221 | INFO | Epoch [3/50] train_loss=0.1457 val_loss=0.1258 acc=0.9811 f1=0.9893 auc=0.9857
2026-05-30 22:53:01,349 | INFO | New best checkpoint: /raid/home/user3/projects/ruslan_ihc/checkpoints/ihc_binary_PR_resnet18_fold_5_seed_42_best.pth
2026-05-30 22:53:44,131 | INFO | Epoch [4/50] train_loss=0.1251 val_loss=0.2043 acc=0.9335 f1=0.9607 auc=0.9673
2026-05-30 22:54:25,981 | INFO | Epoch [5/50] train_loss=0.1173 val_loss=0.1006 acc=0.9732 f1=0.9846 auc=0.9907
2026-05-30 22:54:26,106 | INFO | New best checkpoint: /raid/home/user3/projects/ruslan_ihc/checkpoints/ihc_binary_PR_resnet18_fold_5_seed_42_best.pth
2026-05-30 22:55:02,514 | INFO | Epoch [6/50] train_loss=0.1063 val_loss=0.1194 acc=0.9767 f1=0.9867 auc=0.9871
2026-05-30 22:55:33,553 | INFO | Epoch [7/50] train_loss=0.1023 val_loss=0.1850 acc=0.9080 f1=0.9447 auc=0.9762
2026-05-30 22:56:02,520 | INFO | Epoch [8/50] train_loss=0.0929 val_loss=0.1105 acc=0.9729 f1=0.9844 auc=0.9869
2026-05-30 22:56:26,420 | INFO | Epoch [9/50] train_loss=0.0960 val_loss=0.0860 acc=0.9730 f1=0.9845 auc=0.9909
2026-05-30 22:56:26,551 | INFO | New best checkpoint: /raid/home/user3/projects/ruslan_ihc/checkpoints/ihc_binary_PR_resnet18_fold_5_seed_42_best.pth
2026-05-30 22:56:50,270 | INFO | Epoch [10/50] train_loss=0.0880 val_loss=0.1009 acc=0.9593 f1=0.9764 auc=0.9905
2026-05-30 22:57:14,777 | INFO | Epoch [11/50] train_loss=0.0835 val_loss=0.1226 acc=0.9727 f1=0.9843 auc=0.9840
2026-05-30 22:57:37,227 | INFO | Epoch [12/50] train_loss=0.0703 val_loss=0.1172 acc=0.9610 f1=0.9773 auc=0.9874
2026-05-30 22:58:01,181 | INFO | Epoch [13/50] train_loss=0.0746 val_loss=0.1246 acc=0.9770 f1=0.9868 auc=0.9857
2026-05-30 22:58:24,820 | INFO | Epoch [14/50] train_loss=0.0725 val_loss=0.2238 acc=0.9745 f1=0.9854 auc=0.9654
2026-05-30 22:58:24,900 | INFO | Early stopping triggered
2026-05-30 22:58:24,905 | INFO | 
Binary IHC Summary (PR, resnet18, 5-fold, seed 42)
Splitter: StratifiedGroupKFold
accuracy: 0.9692 +/- 0.0045
precision: 0.9917 +/- 0.0028
recall: 0.9735 +/- 0.0045
f1: 0.9825 +/- 0.0029
macro_f1: 0.9271 +/- 0.0083
roc_auc: 0.9872 +/- 0.0048

