2026-05-30 16:08:11,780 | INFO | Log file: /raid/home/user3/projects/ruslan_ihc/outputs/logs/ihc_binary_PR_convnext_seed_42_20260530_160811.log
2026-05-30 16:08:12,302 | INFO | Marker: PR
2026-05-30 16:08:12,303 | INFO | Manifest: src/data/ihc_binary_dataset/manifest.csv
2026-05-30 16:08:12,303 | INFO | Images: 24971
2026-05-30 16:08:12,305 | INFO | Patients: 60
2026-05-30 16:08:12,307 | INFO | Label counts: {1: 22099, 0: 2872}
2026-05-30 16:08:12,307 | INFO | Class meaning: 0=negative, 1=positive
2026-05-30 16:08:12,307 | INFO | Splitter: StratifiedGroupKFold
2026-05-30 16:08:12,311 | INFO | Fold 1/5 | train=21540 imgs/49 patients {1: 19000, 0: 2540} | val=3431 imgs/11 patients {0: 332, 1: 3099} | overlap=0
2026-05-30 16:08:12,347 | INFO | Fold 2/5 | train=21297 imgs/49 patients {1: 18809, 0: 2488} | val=3674 imgs/11 patients {1: 3290, 0: 384} | overlap=0
2026-05-30 16:08:12,385 | INFO | Fold 3/5 | train=19110 imgs/49 patients {1: 16819, 0: 2291} | val=5861 imgs/11 patients {1: 5280, 0: 581} | overlap=0
2026-05-30 16:08:12,422 | INFO | Fold 4/5 | train=19012 imgs/46 patients {1: 16962, 0: 2050} | val=5959 imgs/14 patients {0: 822, 1: 5137} | overlap=0
2026-05-30 16:08:12,457 | INFO | Fold 5/5 | train=18925 imgs/47 patients {1: 16806, 0: 2119} | val=6046 imgs/13 patients {1: 5293, 0: 753} | overlap=0
2026-05-30 16:08:12,490 | INFO | Device: cuda
2026-05-30 16:08:12,491 | INFO | CUDA device: NVIDIA H200
2026-05-30 16:08:12,491 | INFO | AMP enabled: True
2026-05-30 16:08:12,491 | INFO | === Training fold 1/5 ===
2026-05-30 16:08:37,746 | INFO | Epoch [1/50] train_loss=0.2386 val_loss=0.2079 acc=0.9787 f1=0.9883 auc=0.9647
2026-05-30 16:08:37,966 | INFO | New best checkpoint: /raid/home/user3/projects/ruslan_ihc/checkpoints/ihc_binary_PR_convnext_fold_1_seed_42_best.pth
2026-05-30 16:09:02,646 | INFO | Epoch [2/50] train_loss=0.1383 val_loss=0.1358 acc=0.9682 f1=0.9823 auc=0.9764
2026-05-30 16:09:02,915 | INFO | New best checkpoint: /raid/home/user3/projects/ruslan_ihc/checkpoints/ihc_binary_PR_convnext_fold_1_seed_42_best.pth
2026-05-30 16:09:29,984 | INFO | Epoch [3/50] train_loss=0.1153 val_loss=0.1660 acc=0.9709 f1=0.9838 auc=0.9714
2026-05-30 16:09:53,182 | INFO | Epoch [4/50] train_loss=0.1093 val_loss=0.1665 acc=0.9720 f1=0.9844 auc=0.9717
2026-05-30 16:10:18,852 | INFO | Epoch [5/50] train_loss=0.1009 val_loss=0.1460 acc=0.9735 f1=0.9852 auc=0.9768
2026-05-30 16:10:43,957 | INFO | Epoch [6/50] train_loss=0.0892 val_loss=0.2034 acc=0.9790 f1=0.9884 auc=0.9697
2026-05-30 16:11:10,244 | INFO | Epoch [7/50] train_loss=0.0887 val_loss=0.1943 acc=0.9746 f1=0.9859 auc=0.9695
2026-05-30 16:11:10,386 | INFO | Early stopping triggered
2026-05-30 16:11:10,390 | INFO | === Training fold 2/5 ===
2026-05-30 16:11:35,937 | INFO | Epoch [1/50] train_loss=0.2520 val_loss=0.2072 acc=0.9774 f1=0.9874 auc=0.9771
2026-05-30 16:11:36,154 | INFO | New best checkpoint: /raid/home/user3/projects/ruslan_ihc/checkpoints/ihc_binary_PR_convnext_fold_2_seed_42_best.pth
2026-05-30 16:12:00,472 | INFO | Epoch [2/50] train_loss=0.1532 val_loss=0.1564 acc=0.9774 f1=0.9874 auc=0.9893
2026-05-30 16:12:00,736 | INFO | New best checkpoint: /raid/home/user3/projects/ruslan_ihc/checkpoints/ihc_binary_PR_convnext_fold_2_seed_42_best.pth
2026-05-30 16:12:25,152 | INFO | Epoch [3/50] train_loss=0.1201 val_loss=0.1259 acc=0.9793 f1=0.9884 auc=0.9843
2026-05-30 16:12:25,460 | INFO | New best checkpoint: /raid/home/user3/projects/ruslan_ihc/checkpoints/ihc_binary_PR_convnext_fold_2_seed_42_best.pth
2026-05-30 16:12:51,701 | INFO | Epoch [4/50] train_loss=0.1095 val_loss=0.1293 acc=0.9510 f1=0.9720 auc=0.9863
2026-05-30 16:13:16,582 | INFO | Epoch [5/50] train_loss=0.1004 val_loss=0.1628 acc=0.9788 f1=0.9881 auc=0.9876
2026-05-30 16:13:41,410 | INFO | Epoch [6/50] train_loss=0.0961 val_loss=0.1154 acc=0.9752 f1=0.9861 auc=0.9864
2026-05-30 16:13:41,668 | INFO | New best checkpoint: /raid/home/user3/projects/ruslan_ihc/checkpoints/ihc_binary_PR_convnext_fold_2_seed_42_best.pth
2026-05-30 16:14:07,910 | INFO | Epoch [7/50] train_loss=0.0832 val_loss=0.1533 acc=0.9769 f1=0.9871 auc=0.9860
2026-05-30 16:14:32,369 | INFO | Epoch [8/50] train_loss=0.0892 val_loss=0.1209 acc=0.9799 f1=0.9887 auc=0.9870
2026-05-30 16:14:57,295 | INFO | Epoch [9/50] train_loss=0.0890 val_loss=0.1152 acc=0.9662 f1=0.9809 auc=0.9872
2026-05-30 16:14:57,553 | INFO | New best checkpoint: /raid/home/user3/projects/ruslan_ihc/checkpoints/ihc_binary_PR_convnext_fold_2_seed_42_best.pth
2026-05-30 16:15:20,953 | INFO | Epoch [10/50] train_loss=0.0801 val_loss=0.1969 acc=0.9777 f1=0.9876 auc=0.9862
2026-05-30 16:15:45,957 | INFO | Epoch [11/50] train_loss=0.0775 val_loss=0.1521 acc=0.9790 f1=0.9883 auc=0.9862
2026-05-30 16:16:10,174 | INFO | Epoch [12/50] train_loss=0.0695 val_loss=0.1216 acc=0.9780 f1=0.9876 auc=0.9896
2026-05-30 16:16:33,128 | INFO | Epoch [13/50] train_loss=0.0862 val_loss=0.1398 acc=0.9720 f1=0.9842 auc=0.9831
2026-05-30 16:16:57,140 | INFO | Epoch [14/50] train_loss=0.0840 val_loss=0.1551 acc=0.9790 f1=0.9883 auc=0.9855
2026-05-30 16:16:57,282 | INFO | Early stopping triggered
2026-05-30 16:16:57,286 | INFO | === Training fold 3/5 ===
2026-05-30 16:17:23,507 | INFO | Epoch [1/50] train_loss=0.2405 val_loss=0.1442 acc=0.9705 f1=0.9836 auc=0.9805
2026-05-30 16:17:24,129 | INFO | New best checkpoint: /raid/home/user3/projects/ruslan_ihc/checkpoints/ihc_binary_PR_convnext_fold_3_seed_42_best.pth
2026-05-30 16:17:48,349 | INFO | Epoch [2/50] train_loss=0.1598 val_loss=0.1072 acc=0.9720 f1=0.9844 auc=0.9915
2026-05-30 16:17:48,621 | INFO | New best checkpoint: /raid/home/user3/projects/ruslan_ihc/checkpoints/ihc_binary_PR_convnext_fold_3_seed_42_best.pth
2026-05-30 16:18:11,745 | INFO | Epoch [3/50] train_loss=0.1416 val_loss=0.1127 acc=0.9790 f1=0.9883 auc=0.9906
2026-05-30 16:18:35,604 | INFO | Epoch [4/50] train_loss=0.1179 val_loss=0.2294 acc=0.9736 f1=0.9854 auc=0.9667
2026-05-30 16:19:00,236 | INFO | Epoch [5/50] train_loss=0.1077 val_loss=0.1908 acc=0.9737 f1=0.9854 auc=0.9752
2026-05-30 16:19:26,297 | INFO | Epoch [6/50] train_loss=0.0915 val_loss=0.1923 acc=0.9792 f1=0.9885 auc=0.9694
2026-05-30 16:19:50,732 | INFO | Epoch [7/50] train_loss=0.0942 val_loss=0.2139 acc=0.9754 f1=0.9864 auc=0.9591
2026-05-30 16:19:50,868 | INFO | Early stopping triggered
2026-05-30 16:19:50,872 | INFO | === Training fold 4/5 ===
2026-05-30 16:20:16,581 | INFO | Epoch [1/50] train_loss=0.2600 val_loss=0.1701 acc=0.9763 f1=0.9864 auc=0.9803
2026-05-30 16:20:16,789 | INFO | New best checkpoint: /raid/home/user3/projects/ruslan_ihc/checkpoints/ihc_binary_PR_convnext_fold_4_seed_42_best.pth
2026-05-30 16:20:42,373 | INFO | Epoch [2/50] train_loss=0.1575 val_loss=0.1543 acc=0.9676 f1=0.9811 auc=0.9807
2026-05-30 16:20:43,043 | INFO | New best checkpoint: /raid/home/user3/projects/ruslan_ihc/checkpoints/ihc_binary_PR_convnext_fold_4_seed_42_best.pth
2026-05-30 16:21:06,258 | INFO | Epoch [3/50] train_loss=0.1337 val_loss=0.1204 acc=0.9641 f1=0.9789 auc=0.9895
2026-05-30 16:21:06,534 | INFO | New best checkpoint: /raid/home/user3/projects/ruslan_ihc/checkpoints/ihc_binary_PR_convnext_fold_4_seed_42_best.pth
2026-05-30 16:21:31,222 | INFO | Epoch [4/50] train_loss=0.1089 val_loss=0.1693 acc=0.9544 f1=0.9732 auc=0.9796
2026-05-30 16:21:55,617 | INFO | Epoch [5/50] train_loss=0.1030 val_loss=0.1519 acc=0.9794 f1=0.9881 auc=0.9873
2026-05-30 16:22:21,095 | INFO | Epoch [6/50] train_loss=0.1005 val_loss=0.1435 acc=0.9579 f1=0.9752 auc=0.9870
2026-05-30 16:22:45,568 | INFO | Epoch [7/50] train_loss=0.0919 val_loss=0.1856 acc=0.9597 f1=0.9764 auc=0.9782
2026-05-30 16:23:09,021 | INFO | Epoch [8/50] train_loss=0.0796 val_loss=0.2881 acc=0.9666 f1=0.9806 auc=0.9677
2026-05-30 16:23:09,168 | INFO | Early stopping triggered
2026-05-30 16:23:09,172 | INFO | === Training fold 5/5 ===
2026-05-30 16:23:33,514 | INFO | Epoch [1/50] train_loss=0.2663 val_loss=0.0881 acc=0.9648 f1=0.9796 auc=0.9922
2026-05-30 16:23:33,740 | INFO | New best checkpoint: /raid/home/user3/projects/ruslan_ihc/checkpoints/ihc_binary_PR_convnext_fold_5_seed_42_best.pth
2026-05-30 16:24:00,227 | INFO | Epoch [2/50] train_loss=0.1508 val_loss=0.0830 acc=0.9704 f1=0.9829 auc=0.9936
2026-05-30 16:24:00,510 | INFO | New best checkpoint: /raid/home/user3/projects/ruslan_ihc/checkpoints/ihc_binary_PR_convnext_fold_5_seed_42_best.pth
2026-05-30 16:24:23,949 | INFO | Epoch [3/50] train_loss=0.1331 val_loss=0.0853 acc=0.9686 f1=0.9818 auc=0.9942
2026-05-30 16:24:48,073 | INFO | Epoch [4/50] train_loss=0.1162 val_loss=0.0943 acc=0.9765 f1=0.9865 auc=0.9915
2026-05-30 16:25:12,579 | INFO | Epoch [5/50] train_loss=0.1114 val_loss=0.0841 acc=0.9734 f1=0.9847 auc=0.9914
2026-05-30 16:25:38,347 | INFO | Epoch [6/50] train_loss=0.1028 val_loss=0.0825 acc=0.9696 f1=0.9825 auc=0.9936
2026-05-30 16:25:38,635 | INFO | New best checkpoint: /raid/home/user3/projects/ruslan_ihc/checkpoints/ihc_binary_PR_convnext_fold_5_seed_42_best.pth
2026-05-30 16:26:01,638 | INFO | Epoch [7/50] train_loss=0.0904 val_loss=0.0855 acc=0.9744 f1=0.9853 auc=0.9925
2026-05-30 16:26:26,186 | INFO | Epoch [8/50] train_loss=0.0955 val_loss=0.0900 acc=0.9765 f1=0.9865 auc=0.9924
2026-05-30 16:26:50,682 | INFO | Epoch [9/50] train_loss=0.0852 val_loss=0.1203 acc=0.9646 f1=0.9796 auc=0.9852
2026-05-30 16:27:17,033 | INFO | Epoch [10/50] train_loss=0.0788 val_loss=0.0966 acc=0.9719 f1=0.9838 auc=0.9888
2026-05-30 16:27:40,406 | INFO | Epoch [11/50] train_loss=0.0729 val_loss=0.0981 acc=0.9788 f1=0.9879 auc=0.9903
2026-05-30 16:27:40,545 | INFO | Early stopping triggered
2026-05-30 16:27:40,550 | INFO | 
Binary IHC Summary (PR, convnext, 5-fold, seed 42)
Splitter: StratifiedGroupKFold
accuracy: 0.9680 +/- 0.0030
precision: 0.9915 +/- 0.0014
recall: 0.9723 +/- 0.0043
f1: 0.9818 +/- 0.0020
macro_f1: 0.9242 +/- 0.0077
roc_auc: 0.9876 +/- 0.0067

