2026-05-30 15:51:51,276 | INFO | Log file: /raid/home/user3/projects/ruslan_ihc/outputs/logs/ihc_binary_ER_convnext_seed_42_20260530_155151.log
2026-05-30 15:51:51,795 | INFO | Marker: ER
2026-05-30 15:51:51,795 | INFO | Manifest: src/data/ihc_binary_dataset/manifest.csv
2026-05-30 15:51:51,795 | INFO | Images: 26134
2026-05-30 15:51:51,797 | INFO | Patients: 59
2026-05-30 15:51:51,799 | INFO | Label counts: {1: 22012, 0: 4122}
2026-05-30 15:51:51,799 | INFO | Class meaning: 0=negative, 1=positive
2026-05-30 15:51:51,799 | INFO | Splitter: StratifiedGroupKFold
2026-05-30 15:51:51,803 | INFO | Fold 1/5 | train=20418 imgs/47 patients {1: 17328, 0: 3090} | val=5716 imgs/12 patients {0: 1032, 1: 4684} | overlap=0
2026-05-30 15:51:51,842 | INFO | Fold 2/5 | train=21543 imgs/49 patients {1: 18158, 0: 3385} | val=4591 imgs/10 patients {1: 3854, 0: 737} | overlap=0
2026-05-30 15:51:51,882 | INFO | Fold 3/5 | train=21112 imgs/46 patients {1: 17727, 0: 3385} | val=5022 imgs/13 patients {1: 4285, 0: 737} | overlap=0
2026-05-30 15:51:51,920 | INFO | Fold 4/5 | train=21312 imgs/48 patients {1: 17842, 0: 3470} | val=4822 imgs/11 patients {1: 4170, 0: 652} | overlap=0
2026-05-30 15:51:51,958 | INFO | Fold 5/5 | train=20151 imgs/46 patients {0: 3158, 1: 16993} | val=5983 imgs/13 patients {1: 5019, 0: 964} | overlap=0
2026-05-30 15:51:51,993 | INFO | Device: cuda
2026-05-30 15:51:51,993 | INFO | CUDA device: NVIDIA H200
2026-05-30 15:51:51,993 | INFO | AMP enabled: True
2026-05-30 15:51:51,993 | INFO | === Training fold 1/5 ===
2026-05-30 15:52:17,158 | INFO | Epoch [1/50] train_loss=0.1211 val_loss=0.4972 acc=0.9274 f1=0.9568 auc=0.9481
2026-05-30 15:52:17,361 | INFO | New best checkpoint: /raid/home/user3/projects/ruslan_ihc/checkpoints/ihc_binary_ER_convnext_fold_1_seed_42_best.pth
2026-05-30 15:52:44,615 | INFO | Epoch [2/50] train_loss=0.0727 val_loss=0.6519 acc=0.9263 f1=0.9563 auc=0.9232
2026-05-30 15:53:10,440 | INFO | Epoch [3/50] train_loss=0.0662 val_loss=0.7988 acc=0.9300 f1=0.9587 auc=0.8675
2026-05-30 15:53:36,274 | INFO | Epoch [4/50] train_loss=0.0632 val_loss=0.5135 acc=0.9272 f1=0.9567 auc=0.9328
2026-05-30 15:54:02,036 | INFO | Epoch [5/50] train_loss=0.0574 val_loss=0.5127 acc=0.9267 f1=0.9565 auc=0.9312
2026-05-30 15:54:25,752 | INFO | Epoch [6/50] train_loss=0.0505 val_loss=0.6731 acc=0.9311 f1=0.9593 auc=0.9171
2026-05-30 15:54:25,904 | INFO | Early stopping triggered
2026-05-30 15:54:25,908 | INFO | === Training fold 2/5 ===
2026-05-30 15:54:50,803 | INFO | Epoch [1/50] train_loss=0.1323 val_loss=0.1445 acc=0.9739 f1=0.9845 auc=0.9870
2026-05-30 15:54:51,015 | INFO | New best checkpoint: /raid/home/user3/projects/ruslan_ihc/checkpoints/ihc_binary_ER_convnext_fold_2_seed_42_best.pth
2026-05-30 15:55:16,658 | INFO | Epoch [2/50] train_loss=0.0873 val_loss=0.0885 acc=0.9710 f1=0.9826 auc=0.9948
2026-05-30 15:55:17,012 | INFO | New best checkpoint: /raid/home/user3/projects/ruslan_ihc/checkpoints/ihc_binary_ER_convnext_fold_2_seed_42_best.pth
2026-05-30 15:55:42,683 | INFO | Epoch [3/50] train_loss=0.0731 val_loss=0.0994 acc=0.9793 f1=0.9877 auc=0.9947
2026-05-30 15:56:08,990 | INFO | Epoch [4/50] train_loss=0.0643 val_loss=0.1183 acc=0.9743 f1=0.9847 auc=0.9933
2026-05-30 15:56:33,167 | INFO | Epoch [5/50] train_loss=0.0636 val_loss=0.1369 acc=0.9810 f1=0.9888 auc=0.9924
2026-05-30 15:57:00,972 | INFO | Epoch [6/50] train_loss=0.0541 val_loss=0.1061 acc=0.9763 f1=0.9858 auc=0.9935
2026-05-30 15:57:26,640 | INFO | Epoch [7/50] train_loss=0.0475 val_loss=0.1057 acc=0.9789 f1=0.9874 auc=0.9922
2026-05-30 15:57:26,788 | INFO | Early stopping triggered
2026-05-30 15:57:26,793 | INFO | === Training fold 3/5 ===
2026-05-30 15:57:53,317 | INFO | Epoch [1/50] train_loss=0.1526 val_loss=0.0673 acc=0.9819 f1=0.9893 auc=0.9979
2026-05-30 15:57:53,550 | INFO | New best checkpoint: /raid/home/user3/projects/ruslan_ihc/checkpoints/ihc_binary_ER_convnext_fold_3_seed_42_best.pth
2026-05-30 15:58:19,881 | INFO | Epoch [2/50] train_loss=0.0900 val_loss=0.0367 acc=0.9924 f1=0.9956 auc=0.9977
2026-05-30 15:58:20,154 | INFO | New best checkpoint: /raid/home/user3/projects/ruslan_ihc/checkpoints/ihc_binary_ER_convnext_fold_3_seed_42_best.pth
2026-05-30 15:58:44,552 | INFO | Epoch [3/50] train_loss=0.0811 val_loss=0.0627 acc=0.9729 f1=0.9839 auc=0.9974
2026-05-30 15:59:09,262 | INFO | Epoch [4/50] train_loss=0.0743 val_loss=0.0445 acc=0.9886 f1=0.9933 auc=0.9980
2026-05-30 15:59:37,129 | INFO | Epoch [5/50] train_loss=0.0669 val_loss=0.0621 acc=0.9805 f1=0.9885 auc=0.9973
2026-05-30 16:00:00,827 | INFO | Epoch [6/50] train_loss=0.0671 val_loss=0.0664 acc=0.9767 f1=0.9862 auc=0.9967
2026-05-30 16:00:26,593 | INFO | Epoch [7/50] train_loss=0.0606 val_loss=0.0847 acc=0.9799 f1=0.9881 auc=0.9955
2026-05-30 16:00:26,738 | INFO | Early stopping triggered
2026-05-30 16:00:26,744 | INFO | === Training fold 4/5 ===
2026-05-30 16:00:55,081 | INFO | Epoch [1/50] train_loss=0.1418 val_loss=0.0623 acc=0.9832 f1=0.9902 auc=0.9965
2026-05-30 16:00:55,328 | INFO | New best checkpoint: /raid/home/user3/projects/ruslan_ihc/checkpoints/ihc_binary_ER_convnext_fold_4_seed_42_best.pth
2026-05-30 16:01:20,310 | INFO | Epoch [2/50] train_loss=0.0902 val_loss=0.0610 acc=0.9886 f1=0.9934 auc=0.9952
2026-05-30 16:01:20,596 | INFO | New best checkpoint: /raid/home/user3/projects/ruslan_ihc/checkpoints/ihc_binary_ER_convnext_fold_4_seed_42_best.pth
2026-05-30 16:01:45,313 | INFO | Epoch [3/50] train_loss=0.0767 val_loss=0.0536 acc=0.9815 f1=0.9892 auc=0.9956
2026-05-30 16:01:45,596 | INFO | New best checkpoint: /raid/home/user3/projects/ruslan_ihc/checkpoints/ihc_binary_ER_convnext_fold_4_seed_42_best.pth
2026-05-30 16:02:10,870 | INFO | Epoch [4/50] train_loss=0.0742 val_loss=0.0558 acc=0.9791 f1=0.9878 auc=0.9965
2026-05-30 16:02:36,515 | INFO | Epoch [5/50] train_loss=0.0709 val_loss=0.0531 acc=0.9807 f1=0.9888 auc=0.9972
2026-05-30 16:02:36,790 | INFO | New best checkpoint: /raid/home/user3/projects/ruslan_ihc/checkpoints/ihc_binary_ER_convnext_fold_4_seed_42_best.pth
2026-05-30 16:03:01,095 | INFO | Epoch [6/50] train_loss=0.0662 val_loss=0.0619 acc=0.9830 f1=0.9901 auc=0.9959
2026-05-30 16:03:25,775 | INFO | Epoch [7/50] train_loss=0.0558 val_loss=0.0608 acc=0.9903 f1=0.9944 auc=0.9964
2026-05-30 16:03:54,666 | INFO | Epoch [8/50] train_loss=0.0640 val_loss=0.0583 acc=0.9917 f1=0.9952 auc=0.9972
2026-05-30 16:04:20,193 | INFO | Epoch [9/50] train_loss=0.0543 val_loss=0.0653 acc=0.9905 f1=0.9945 auc=0.9962
2026-05-30 16:04:44,893 | INFO | Epoch [10/50] train_loss=0.0500 val_loss=0.0618 acc=0.9869 f1=0.9924 auc=0.9965
2026-05-30 16:04:45,047 | INFO | Early stopping triggered
2026-05-30 16:04:45,052 | INFO | === Training fold 5/5 ===
2026-05-30 16:05:10,982 | INFO | Epoch [1/50] train_loss=0.1406 val_loss=0.0888 acc=0.9724 f1=0.9834 auc=0.9946
2026-05-30 16:05:11,239 | INFO | New best checkpoint: /raid/home/user3/projects/ruslan_ihc/checkpoints/ihc_binary_ER_convnext_fold_5_seed_42_best.pth
2026-05-30 16:05:36,068 | INFO | Epoch [2/50] train_loss=0.0988 val_loss=0.0832 acc=0.9845 f1=0.9907 auc=0.9963
2026-05-30 16:05:36,349 | INFO | New best checkpoint: /raid/home/user3/projects/ruslan_ihc/checkpoints/ihc_binary_ER_convnext_fold_5_seed_42_best.pth
2026-05-30 16:06:02,042 | INFO | Epoch [3/50] train_loss=0.0743 val_loss=0.0751 acc=0.9721 f1=0.9832 auc=0.9961
2026-05-30 16:06:02,322 | INFO | New best checkpoint: /raid/home/user3/projects/ruslan_ihc/checkpoints/ihc_binary_ER_convnext_fold_5_seed_42_best.pth
2026-05-30 16:06:29,271 | INFO | Epoch [4/50] train_loss=0.0702 val_loss=0.0893 acc=0.9711 f1=0.9826 auc=0.9946
2026-05-30 16:06:53,754 | INFO | Epoch [5/50] train_loss=0.0640 val_loss=0.0754 acc=0.9843 f1=0.9906 auc=0.9952
2026-05-30 16:07:18,841 | INFO | Epoch [6/50] train_loss=0.0691 val_loss=0.0971 acc=0.9789 f1=0.9874 auc=0.9945
2026-05-30 16:07:43,999 | INFO | Epoch [7/50] train_loss=0.0576 val_loss=0.1091 acc=0.9841 f1=0.9905 auc=0.9933
2026-05-30 16:08:11,609 | INFO | Epoch [8/50] train_loss=0.0549 val_loss=0.1155 acc=0.9813 f1=0.9889 auc=0.9919
2026-05-30 16:08:11,760 | INFO | Early stopping triggered
2026-05-30 16:08:11,764 | INFO | 
Binary IHC Summary (ER, convnext, 5-fold, seed 42)
Splitter: StratifiedGroupKFold
accuracy: 0.9687 +/- 0.0246
precision: 0.9828 +/- 0.0279
recall: 0.9803 +/- 0.0084
f1: 0.9814 +/- 0.0147
macro_f1: 0.9418 +/- 0.0456
roc_auc: 0.9868 +/- 0.0217

