2026-05-31 01:00:24,649 | INFO | Log file: /raid/home/user3/projects/ruslan_ihc/outputs/logs/ihc_binary_Ki67_resnet50_seed_42_20260531_010024.log
2026-05-31 01:00:25,529 | INFO | Marker: Ki67
2026-05-31 01:00:25,529 | INFO | Manifest: src/data/ihc_binary_dataset/manifest.csv
2026-05-31 01:00:25,529 | INFO | Images: 20656
2026-05-31 01:00:25,531 | INFO | Patients: 60
2026-05-31 01:00:25,533 | INFO | Label counts: {1: 18900, 0: 1756}
2026-05-31 01:00:25,533 | INFO | Class meaning: 0=negative, 1=positive
2026-05-31 01:00:25,533 | INFO | Splitter: StratifiedGroupKFold
2026-05-31 01:00:25,536 | INFO | Fold 1/5 | train=15673 imgs/48 patients {1: 14466, 0: 1207} | val=4983 imgs/12 patients {1: 4434, 0: 549} | overlap=0
2026-05-31 01:00:25,582 | INFO | Fold 2/5 | train=16164 imgs/46 patients {1: 14784, 0: 1380} | val=4492 imgs/14 patients {1: 4116, 0: 376} | overlap=0
2026-05-31 01:00:25,672 | INFO | Fold 3/5 | train=15763 imgs/47 patients {1: 14343, 0: 1420} | val=4893 imgs/13 patients {1: 4557, 0: 336} | overlap=0
2026-05-31 01:00:25,747 | INFO | Fold 4/5 | train=17584 imgs/50 patients {1: 16124, 0: 1460} | val=3072 imgs/10 patients {0: 296, 1: 2776} | overlap=0
2026-05-31 01:00:25,779 | INFO | Fold 5/5 | train=17440 imgs/49 patients {1: 15883, 0: 1557} | val=3216 imgs/11 patients {1: 3017, 0: 199} | overlap=0
2026-05-31 01:00:25,815 | INFO | Device: cuda
2026-05-31 01:00:25,815 | INFO | CUDA device: NVIDIA H200
2026-05-31 01:00:25,815 | INFO | AMP enabled: True
2026-05-31 01:00:25,815 | INFO | === Training fold 1/5 ===
2026-05-31 01:00:50,895 | INFO | Epoch [1/50] train_loss=0.2925 val_loss=0.1650 acc=0.9392 f1=0.9650 auc=0.9764
2026-05-31 01:00:51,136 | INFO | New best checkpoint: /raid/home/user3/projects/ruslan_ihc/checkpoints/ihc_binary_Ki67_resnet50_fold_1_seed_42_best.pth
2026-05-31 01:01:12,951 | INFO | Epoch [2/50] train_loss=0.1671 val_loss=0.1454 acc=0.9462 f1=0.9692 auc=0.9838
2026-05-31 01:01:13,222 | INFO | New best checkpoint: /raid/home/user3/projects/ruslan_ihc/checkpoints/ihc_binary_Ki67_resnet50_fold_1_seed_42_best.pth
2026-05-31 01:01:37,025 | INFO | Epoch [3/50] train_loss=0.1531 val_loss=0.1368 acc=0.9536 f1=0.9736 auc=0.9854
2026-05-31 01:01:37,284 | INFO | New best checkpoint: /raid/home/user3/projects/ruslan_ihc/checkpoints/ihc_binary_Ki67_resnet50_fold_1_seed_42_best.pth
2026-05-31 01:02:01,961 | INFO | Epoch [4/50] train_loss=0.1276 val_loss=0.1211 acc=0.9496 f1=0.9711 auc=0.9870
2026-05-31 01:02:02,232 | INFO | New best checkpoint: /raid/home/user3/projects/ruslan_ihc/checkpoints/ihc_binary_Ki67_resnet50_fold_1_seed_42_best.pth
2026-05-31 01:02:24,678 | INFO | Epoch [5/50] train_loss=0.1250 val_loss=0.1230 acc=0.9506 f1=0.9717 auc=0.9870
2026-05-31 01:02:48,255 | INFO | Epoch [6/50] train_loss=0.1125 val_loss=0.1561 acc=0.9615 f1=0.9781 auc=0.9847
2026-05-31 01:03:12,436 | INFO | Epoch [7/50] train_loss=0.1173 val_loss=0.1408 acc=0.9639 f1=0.9795 auc=0.9861
2026-05-31 01:03:35,925 | INFO | Epoch [8/50] train_loss=0.1042 val_loss=0.1416 acc=0.9601 f1=0.9772 auc=0.9854
2026-05-31 01:03:58,526 | INFO | Epoch [9/50] train_loss=0.0960 val_loss=0.1271 acc=0.9452 f1=0.9684 auc=0.9876
2026-05-31 01:03:58,663 | INFO | Early stopping triggered
2026-05-31 01:03:58,666 | INFO | === Training fold 2/5 ===
2026-05-31 01:04:22,498 | INFO | Epoch [1/50] train_loss=0.2796 val_loss=0.2775 acc=0.8128 f1=0.8868 auc=0.9649
2026-05-31 01:04:22,710 | INFO | New best checkpoint: /raid/home/user3/projects/ruslan_ihc/checkpoints/ihc_binary_Ki67_resnet50_fold_2_seed_42_best.pth
2026-05-31 01:04:46,342 | INFO | Epoch [2/50] train_loss=0.1615 val_loss=0.1762 acc=0.9185 f1=0.9537 auc=0.9818
2026-05-31 01:04:46,612 | INFO | New best checkpoint: /raid/home/user3/projects/ruslan_ihc/checkpoints/ihc_binary_Ki67_resnet50_fold_2_seed_42_best.pth
2026-05-31 01:05:11,907 | INFO | Epoch [3/50] train_loss=0.1418 val_loss=0.1388 acc=0.9386 f1=0.9655 auc=0.9871
2026-05-31 01:05:12,152 | INFO | New best checkpoint: /raid/home/user3/projects/ruslan_ihc/checkpoints/ihc_binary_Ki67_resnet50_fold_2_seed_42_best.pth
2026-05-31 01:05:35,600 | INFO | Epoch [4/50] train_loss=0.1287 val_loss=0.1668 acc=0.9548 f1=0.9749 auc=0.9829
2026-05-31 01:06:06,714 | INFO | Epoch [5/50] train_loss=0.1209 val_loss=0.1311 acc=0.9544 f1=0.9746 auc=0.9880
2026-05-31 01:06:07,152 | INFO | New best checkpoint: /raid/home/user3/projects/ruslan_ihc/checkpoints/ihc_binary_Ki67_resnet50_fold_2_seed_42_best.pth
2026-05-31 01:06:42,482 | INFO | Epoch [6/50] train_loss=0.1061 val_loss=0.1295 acc=0.9637 f1=0.9800 auc=0.9898
2026-05-31 01:06:42,747 | INFO | New best checkpoint: /raid/home/user3/projects/ruslan_ihc/checkpoints/ihc_binary_Ki67_resnet50_fold_2_seed_42_best.pth
2026-05-31 01:07:15,543 | INFO | Epoch [7/50] train_loss=0.1051 val_loss=0.1241 acc=0.9550 f1=0.9750 auc=0.9886
2026-05-31 01:07:15,795 | INFO | New best checkpoint: /raid/home/user3/projects/ruslan_ihc/checkpoints/ihc_binary_Ki67_resnet50_fold_2_seed_42_best.pth
2026-05-31 01:07:47,525 | INFO | Epoch [8/50] train_loss=0.0973 val_loss=0.1449 acc=0.9412 f1=0.9671 auc=0.9848
2026-05-31 01:08:17,550 | INFO | Epoch [9/50] train_loss=0.0978 val_loss=0.1496 acc=0.9630 f1=0.9796 auc=0.9873
2026-05-31 01:08:48,643 | INFO | Epoch [10/50] train_loss=0.0858 val_loss=0.1360 acc=0.9579 f1=0.9767 auc=0.9876
2026-05-31 01:09:17,721 | INFO | Epoch [11/50] train_loss=0.0842 val_loss=0.1646 acc=0.9584 f1=0.9770 auc=0.9863
2026-05-31 01:09:52,216 | INFO | Epoch [12/50] train_loss=0.0779 val_loss=0.1748 acc=0.9655 f1=0.9810 auc=0.9877
2026-05-31 01:09:52,365 | INFO | Early stopping triggered
2026-05-31 01:09:52,369 | INFO | === Training fold 3/5 ===
2026-05-31 01:10:25,668 | INFO | Epoch [1/50] train_loss=0.2777 val_loss=0.2180 acc=0.9450 f1=0.9698 auc=0.9779
2026-05-31 01:10:26,123 | INFO | New best checkpoint: /raid/home/user3/projects/ruslan_ihc/checkpoints/ihc_binary_Ki67_resnet50_fold_3_seed_42_best.pth
2026-05-31 01:10:59,441 | INFO | Epoch [2/50] train_loss=0.1585 val_loss=0.1813 acc=0.9315 f1=0.9620 auc=0.9837
2026-05-31 01:11:00,116 | INFO | New best checkpoint: /raid/home/user3/projects/ruslan_ihc/checkpoints/ihc_binary_Ki67_resnet50_fold_3_seed_42_best.pth
2026-05-31 01:11:26,364 | INFO | Epoch [3/50] train_loss=0.1344 val_loss=0.1417 acc=0.9518 f1=0.9735 auc=0.9866
2026-05-31 01:11:26,617 | INFO | New best checkpoint: /raid/home/user3/projects/ruslan_ihc/checkpoints/ihc_binary_Ki67_resnet50_fold_3_seed_42_best.pth
2026-05-31 01:11:49,386 | INFO | Epoch [4/50] train_loss=0.1271 val_loss=0.1972 acc=0.9174 f1=0.9538 auc=0.9834
2026-05-31 01:12:13,563 | INFO | Epoch [5/50] train_loss=0.1202 val_loss=0.1533 acc=0.9458 f1=0.9702 auc=0.9839
2026-05-31 01:12:37,123 | INFO | Epoch [6/50] train_loss=0.1145 val_loss=0.1378 acc=0.9522 f1=0.9738 auc=0.9871
2026-05-31 01:12:37,521 | INFO | New best checkpoint: /raid/home/user3/projects/ruslan_ihc/checkpoints/ihc_binary_Ki67_resnet50_fold_3_seed_42_best.pth
2026-05-31 01:13:01,907 | INFO | Epoch [7/50] train_loss=0.1064 val_loss=0.1521 acc=0.9565 f1=0.9762 auc=0.9856
2026-05-31 01:13:27,381 | INFO | Epoch [8/50] train_loss=0.0975 val_loss=0.1606 acc=0.9569 f1=0.9765 auc=0.9835
2026-05-31 01:13:51,893 | INFO | Epoch [9/50] train_loss=0.0922 val_loss=0.1554 acc=0.9604 f1=0.9784 auc=0.9859
2026-05-31 01:14:15,535 | INFO | Epoch [10/50] train_loss=0.0910 val_loss=0.1537 acc=0.9270 f1=0.9594 auc=0.9868
2026-05-31 01:14:37,130 | INFO | Epoch [11/50] train_loss=0.0935 val_loss=0.1718 acc=0.9601 f1=0.9783 auc=0.9811
2026-05-31 01:14:37,262 | INFO | Early stopping triggered
2026-05-31 01:14:37,266 | INFO | === Training fold 4/5 ===
2026-05-31 01:14:59,552 | INFO | Epoch [1/50] train_loss=0.2720 val_loss=0.1702 acc=0.9577 f1=0.9763 auc=0.9782
2026-05-31 01:14:59,771 | INFO | New best checkpoint: /raid/home/user3/projects/ruslan_ihc/checkpoints/ihc_binary_Ki67_resnet50_fold_4_seed_42_best.pth
2026-05-31 01:15:21,105 | INFO | Epoch [2/50] train_loss=0.1658 val_loss=0.1448 acc=0.9382 f1=0.9648 auc=0.9859
2026-05-31 01:15:21,383 | INFO | New best checkpoint: /raid/home/user3/projects/ruslan_ihc/checkpoints/ihc_binary_Ki67_resnet50_fold_4_seed_42_best.pth
2026-05-31 01:15:44,611 | INFO | Epoch [3/50] train_loss=0.1365 val_loss=0.1581 acc=0.9561 f1=0.9752 auc=0.9825
2026-05-31 01:16:06,921 | INFO | Epoch [4/50] train_loss=0.1248 val_loss=0.1373 acc=0.9528 f1=0.9734 auc=0.9876
2026-05-31 01:16:07,190 | INFO | New best checkpoint: /raid/home/user3/projects/ruslan_ihc/checkpoints/ihc_binary_Ki67_resnet50_fold_4_seed_42_best.pth
2026-05-31 01:16:29,372 | INFO | Epoch [5/50] train_loss=0.1197 val_loss=0.1433 acc=0.9398 f1=0.9657 auc=0.9857
2026-05-31 01:16:55,477 | INFO | Epoch [6/50] train_loss=0.1105 val_loss=0.1773 acc=0.9521 f1=0.9730 auc=0.9826
2026-05-31 01:17:19,484 | INFO | Epoch [7/50] train_loss=0.1043 val_loss=0.1552 acc=0.9574 f1=0.9760 auc=0.9853
2026-05-31 01:17:42,536 | INFO | Epoch [8/50] train_loss=0.1006 val_loss=0.1502 acc=0.9417 f1=0.9669 auc=0.9863
2026-05-31 01:18:06,299 | INFO | Epoch [9/50] train_loss=0.0950 val_loss=0.1754 acc=0.9531 f1=0.9736 auc=0.9809
2026-05-31 01:18:06,440 | INFO | Early stopping triggered
2026-05-31 01:18:06,444 | INFO | === Training fold 5/5 ===
2026-05-31 01:18:35,374 | INFO | Epoch [1/50] train_loss=0.2725 val_loss=0.1419 acc=0.9614 f1=0.9792 auc=0.9820
2026-05-31 01:18:35,598 | INFO | New best checkpoint: /raid/home/user3/projects/ruslan_ihc/checkpoints/ihc_binary_Ki67_resnet50_fold_5_seed_42_best.pth
2026-05-31 01:19:09,037 | INFO | Epoch [2/50] train_loss=0.1599 val_loss=0.1153 acc=0.9512 f1=0.9734 auc=0.9911
2026-05-31 01:19:09,296 | INFO | New best checkpoint: /raid/home/user3/projects/ruslan_ihc/checkpoints/ihc_binary_Ki67_resnet50_fold_5_seed_42_best.pth
2026-05-31 01:19:40,458 | INFO | Epoch [3/50] train_loss=0.1372 val_loss=0.1158 acc=0.9779 f1=0.9882 auc=0.9928
2026-05-31 01:20:13,332 | INFO | Epoch [4/50] train_loss=0.1234 val_loss=0.1158 acc=0.9804 f1=0.9895 auc=0.9937
2026-05-31 01:20:44,317 | INFO | Epoch [5/50] train_loss=0.1193 val_loss=0.1100 acc=0.9764 f1=0.9873 auc=0.9926
2026-05-31 01:20:44,585 | INFO | New best checkpoint: /raid/home/user3/projects/ruslan_ihc/checkpoints/ihc_binary_Ki67_resnet50_fold_5_seed_42_best.pth
2026-05-31 01:21:16,629 | INFO | Epoch [6/50] train_loss=0.1092 val_loss=0.1381 acc=0.9801 f1=0.9893 auc=0.9910
2026-05-31 01:21:48,003 | INFO | Epoch [7/50] train_loss=0.1088 val_loss=0.1128 acc=0.9751 f1=0.9866 auc=0.9906
2026-05-31 01:22:18,082 | INFO | Epoch [8/50] train_loss=0.0992 val_loss=0.1427 acc=0.9792 f1=0.9889 auc=0.9905
2026-05-31 01:22:46,641 | INFO | Epoch [9/50] train_loss=0.0990 val_loss=0.1085 acc=0.9779 f1=0.9881 auc=0.9925
2026-05-31 01:22:46,899 | INFO | New best checkpoint: /raid/home/user3/projects/ruslan_ihc/checkpoints/ihc_binary_Ki67_resnet50_fold_5_seed_42_best.pth
2026-05-31 01:23:16,187 | INFO | Epoch [10/50] train_loss=0.0996 val_loss=0.1136 acc=0.9726 f1=0.9853 auc=0.9921
2026-05-31 01:23:48,324 | INFO | Epoch [11/50] train_loss=0.0946 val_loss=0.1376 acc=0.9782 f1=0.9883 auc=0.9902
2026-05-31 01:24:11,239 | INFO | Epoch [12/50] train_loss=0.0866 val_loss=0.1085 acc=0.9782 f1=0.9883 auc=0.9933
2026-05-31 01:24:33,142 | INFO | Epoch [13/50] train_loss=0.0843 val_loss=0.1188 acc=0.9764 f1=0.9873 auc=0.9917
2026-05-31 01:24:55,575 | INFO | Epoch [14/50] train_loss=0.0794 val_loss=0.1162 acc=0.9807 f1=0.9897 auc=0.9937
2026-05-31 01:24:55,704 | INFO | Early stopping triggered
2026-05-31 01:24:55,708 | INFO | 
Binary IHC Summary (Ki67, resnet50, 5-fold, seed 42)
Splitter: StratifiedGroupKFold
accuracy: 0.9575 +/- 0.0116
precision: 0.9937 +/- 0.0016
recall: 0.9595 +/- 0.0122
f1: 0.9763 +/- 0.0068
macro_f1: 0.8821 +/- 0.0225
roc_auc: 0.9885 +/- 0.0023

