2026-04-23 20:42:23,828 | INFO | Log file: /raid/home/user3/projects/ruslan_ihc/outputs/logs/resnet18_seed_42_20260423_204223.log
2026-04-23 20:42:24,081 | INFO | Args: {'model': 'resnet18', 'seed': 42, 'epochs': 50, 'patience': 5, 'batch_size': 128, 'lr': 0.0001, 'num_workers': 8, 'folds': 5, 'no_augmentation': False, 'deterministic': False, 'no_amp': False, 'channels_last': True, 'prefetch_factor': 4}
2026-04-23 20:42:24,081 | INFO | Device: cuda
2026-04-23 20:42:24,201 | INFO | CUDA device: NVIDIA H200
2026-04-23 20:42:24,201 | INFO | Dataset: /raid/home/user3/projects/ruslan_ihc/src/data/HER2_dataset/her_2_patch/Patch-based-dataset/train_data_patch
2026-04-23 20:42:24,201 | INFO | Classes: {'class_0': 0, 'class_1+': 1, 'class_2+': 2, 'class_3+': 3}
2026-04-23 20:42:24,201 | INFO | Train images: 8797
2026-04-23 20:42:24,201 | INFO | AMP enabled: True
2026-04-23 20:42:24,201 | INFO | Channels last: True
2026-04-23 20:42:24,201 | INFO | TF32 enabled: True
2026-04-23 20:42:24,201 | INFO | CuDNN benchmark: True
2026-04-23 20:42:24,203 | INFO | === Fold 1/5 ===
2026-04-23 20:42:24,516 | INFO | Best checkpoint: /raid/home/user3/projects/ruslan_ihc/checkpoints/resnet18_cv_fold_1_seed_42_best.pth
2026-04-23 20:42:24,516 | INFO | Last checkpoint: /raid/home/user3/projects/ruslan_ihc/checkpoints/resnet18_cv_fold_1_seed_42_last.pth
2026-04-23 20:42:34,673 | INFO | Epoch [1/50] train_loss=0.3444 val_loss=0.2270 accuracy=0.9102 macro_f1=0.8995
2026-04-23 20:42:34,723 | INFO | New best model saved: /raid/home/user3/projects/ruslan_ihc/checkpoints/resnet18_cv_fold_1_seed_42_best.pth
2026-04-23 20:42:44,772 | INFO | Epoch [2/50] train_loss=0.1944 val_loss=0.1843 accuracy=0.9352 macro_f1=0.9232
2026-04-23 20:42:44,831 | INFO | New best model saved: /raid/home/user3/projects/ruslan_ihc/checkpoints/resnet18_cv_fold_1_seed_42_best.pth
2026-04-23 20:42:54,846 | INFO | Epoch [3/50] train_loss=0.1665 val_loss=0.1884 accuracy=0.9301 macro_f1=0.9159
2026-04-23 20:42:54,847 | INFO | No val improvement for 1 epoch(s)
2026-04-23 20:43:04,914 | INFO | Epoch [4/50] train_loss=0.1403 val_loss=0.1863 accuracy=0.9347 macro_f1=0.9256
2026-04-23 20:43:04,914 | INFO | No val improvement for 2 epoch(s)
2026-04-23 20:43:15,068 | INFO | Epoch [5/50] train_loss=0.1192 val_loss=0.2052 accuracy=0.9250 macro_f1=0.9042
2026-04-23 20:43:15,069 | INFO | No val improvement for 3 epoch(s)
2026-04-23 20:43:25,178 | INFO | Epoch [6/50] train_loss=0.1128 val_loss=0.1735 accuracy=0.9335 macro_f1=0.9222
2026-04-23 20:43:25,238 | INFO | New best model saved: /raid/home/user3/projects/ruslan_ihc/checkpoints/resnet18_cv_fold_1_seed_42_best.pth
2026-04-23 20:43:35,462 | INFO | Epoch [7/50] train_loss=0.0981 val_loss=0.1827 accuracy=0.9324 macro_f1=0.9200
2026-04-23 20:43:35,463 | INFO | No val improvement for 1 epoch(s)
2026-04-23 20:43:45,508 | INFO | Epoch [8/50] train_loss=0.0875 val_loss=0.2040 accuracy=0.9261 macro_f1=0.9143
2026-04-23 20:43:45,508 | INFO | No val improvement for 2 epoch(s)
2026-04-23 20:43:55,524 | INFO | Epoch [9/50] train_loss=0.0780 val_loss=0.1784 accuracy=0.9369 macro_f1=0.9263
2026-04-23 20:43:55,525 | INFO | No val improvement for 3 epoch(s)
2026-04-23 20:44:05,451 | INFO | Epoch [10/50] train_loss=0.0683 val_loss=0.2103 accuracy=0.9273 macro_f1=0.9130
2026-04-23 20:44:05,451 | INFO | No val improvement for 4 epoch(s)
2026-04-23 20:44:15,556 | INFO | Epoch [11/50] train_loss=0.0596 val_loss=0.2043 accuracy=0.9301 macro_f1=0.9223
2026-04-23 20:44:15,556 | INFO | No val improvement for 5 epoch(s)
2026-04-23 20:44:15,621 | INFO | Early stopping triggered
2026-04-23 20:44:15,622 | INFO | === Fold 2/5 ===
2026-04-23 20:44:15,856 | INFO | Best checkpoint: /raid/home/user3/projects/ruslan_ihc/checkpoints/resnet18_cv_fold_2_seed_42_best.pth
2026-04-23 20:44:15,856 | INFO | Last checkpoint: /raid/home/user3/projects/ruslan_ihc/checkpoints/resnet18_cv_fold_2_seed_42_last.pth
2026-04-23 20:44:26,148 | INFO | Epoch [1/50] train_loss=0.3391 val_loss=0.2261 accuracy=0.9131 macro_f1=0.9087
2026-04-23 20:44:26,200 | INFO | New best model saved: /raid/home/user3/projects/ruslan_ihc/checkpoints/resnet18_cv_fold_2_seed_42_best.pth
2026-04-23 20:44:35,883 | INFO | Epoch [2/50] train_loss=0.1953 val_loss=0.1815 accuracy=0.9301 macro_f1=0.9251
2026-04-23 20:44:35,953 | INFO | New best model saved: /raid/home/user3/projects/ruslan_ihc/checkpoints/resnet18_cv_fold_2_seed_42_best.pth
2026-04-23 20:44:45,854 | INFO | Epoch [3/50] train_loss=0.1690 val_loss=0.1599 accuracy=0.9392 macro_f1=0.9257
2026-04-23 20:44:45,911 | INFO | New best model saved: /raid/home/user3/projects/ruslan_ihc/checkpoints/resnet18_cv_fold_2_seed_42_best.pth
2026-04-23 20:44:55,769 | INFO | Epoch [4/50] train_loss=0.1410 val_loss=0.2873 accuracy=0.8898 macro_f1=0.8891
2026-04-23 20:44:55,769 | INFO | No val improvement for 1 epoch(s)
2026-04-23 20:45:05,503 | INFO | Epoch [5/50] train_loss=0.1222 val_loss=0.1642 accuracy=0.9437 macro_f1=0.9310
2026-04-23 20:45:05,504 | INFO | No val improvement for 2 epoch(s)
2026-04-23 20:45:15,278 | INFO | Epoch [6/50] train_loss=0.1141 val_loss=0.2207 accuracy=0.9216 macro_f1=0.9044
2026-04-23 20:45:15,278 | INFO | No val improvement for 3 epoch(s)
2026-04-23 20:45:25,163 | INFO | Epoch [7/50] train_loss=0.0979 val_loss=0.3436 accuracy=0.8710 macro_f1=0.8709
2026-04-23 20:45:25,164 | INFO | No val improvement for 4 epoch(s)
2026-04-23 20:45:34,969 | INFO | Epoch [8/50] train_loss=0.0911 val_loss=0.1578 accuracy=0.9449 macro_f1=0.9365
2026-04-23 20:45:35,028 | INFO | New best model saved: /raid/home/user3/projects/ruslan_ihc/checkpoints/resnet18_cv_fold_2_seed_42_best.pth
2026-04-23 20:45:44,662 | INFO | Epoch [9/50] train_loss=0.0695 val_loss=0.1877 accuracy=0.9244 macro_f1=0.9144
2026-04-23 20:45:44,662 | INFO | No val improvement for 1 epoch(s)
2026-04-23 20:45:54,528 | INFO | Epoch [10/50] train_loss=0.0653 val_loss=0.1887 accuracy=0.9273 macro_f1=0.9152
2026-04-23 20:45:54,528 | INFO | No val improvement for 2 epoch(s)
2026-04-23 20:46:04,477 | INFO | Epoch [11/50] train_loss=0.0583 val_loss=0.2498 accuracy=0.9205 macro_f1=0.9038
2026-04-23 20:46:04,477 | INFO | No val improvement for 3 epoch(s)
2026-04-23 20:46:14,283 | INFO | Epoch [12/50] train_loss=0.0513 val_loss=0.1725 accuracy=0.9364 macro_f1=0.9300
2026-04-23 20:46:14,283 | INFO | No val improvement for 4 epoch(s)
2026-04-23 20:46:24,103 | INFO | Epoch [13/50] train_loss=0.0492 val_loss=0.2096 accuracy=0.9318 macro_f1=0.9159
2026-04-23 20:46:24,104 | INFO | No val improvement for 5 epoch(s)
2026-04-23 20:46:24,165 | INFO | Early stopping triggered
2026-04-23 20:46:24,166 | INFO | === Fold 3/5 ===
2026-04-23 20:46:24,439 | INFO | Best checkpoint: /raid/home/user3/projects/ruslan_ihc/checkpoints/resnet18_cv_fold_3_seed_42_best.pth
2026-04-23 20:46:24,440 | INFO | Last checkpoint: /raid/home/user3/projects/ruslan_ihc/checkpoints/resnet18_cv_fold_3_seed_42_last.pth
2026-04-23 20:46:34,422 | INFO | Epoch [1/50] train_loss=0.3513 val_loss=0.2441 accuracy=0.8931 macro_f1=0.8721
2026-04-23 20:46:34,481 | INFO | New best model saved: /raid/home/user3/projects/ruslan_ihc/checkpoints/resnet18_cv_fold_3_seed_42_best.pth
2026-04-23 20:46:44,057 | INFO | Epoch [2/50] train_loss=0.1898 val_loss=0.1979 accuracy=0.9233 macro_f1=0.9083
2026-04-23 20:46:44,121 | INFO | New best model saved: /raid/home/user3/projects/ruslan_ihc/checkpoints/resnet18_cv_fold_3_seed_42_best.pth
2026-04-23 20:46:53,562 | INFO | Epoch [3/50] train_loss=0.1522 val_loss=0.1864 accuracy=0.9272 macro_f1=0.9060
2026-04-23 20:46:53,624 | INFO | New best model saved: /raid/home/user3/projects/ruslan_ihc/checkpoints/resnet18_cv_fold_3_seed_42_best.pth
2026-04-23 20:47:03,269 | INFO | Epoch [4/50] train_loss=0.1413 val_loss=0.1929 accuracy=0.9341 macro_f1=0.9152
2026-04-23 20:47:03,269 | INFO | No val improvement for 1 epoch(s)
2026-04-23 20:47:12,741 | INFO | Epoch [5/50] train_loss=0.1181 val_loss=0.1876 accuracy=0.9329 macro_f1=0.9137
2026-04-23 20:47:12,741 | INFO | No val improvement for 2 epoch(s)
2026-04-23 20:47:22,172 | INFO | Epoch [6/50] train_loss=0.1102 val_loss=0.1599 accuracy=0.9380 macro_f1=0.9242
2026-04-23 20:47:22,230 | INFO | New best model saved: /raid/home/user3/projects/ruslan_ihc/checkpoints/resnet18_cv_fold_3_seed_42_best.pth
2026-04-23 20:47:31,541 | INFO | Epoch [7/50] train_loss=0.0988 val_loss=0.1675 accuracy=0.9420 macro_f1=0.9291
2026-04-23 20:47:31,541 | INFO | No val improvement for 1 epoch(s)
2026-04-23 20:47:40,874 | INFO | Epoch [8/50] train_loss=0.0846 val_loss=0.1693 accuracy=0.9414 macro_f1=0.9259
2026-04-23 20:47:40,874 | INFO | No val improvement for 2 epoch(s)
2026-04-23 20:47:50,256 | INFO | Epoch [9/50] train_loss=0.0692 val_loss=0.1789 accuracy=0.9392 macro_f1=0.9223
2026-04-23 20:47:50,256 | INFO | No val improvement for 3 epoch(s)
2026-04-23 20:47:59,604 | INFO | Epoch [10/50] train_loss=0.0673 val_loss=0.1891 accuracy=0.9392 macro_f1=0.9253
2026-04-23 20:47:59,604 | INFO | No val improvement for 4 epoch(s)
2026-04-23 20:48:09,236 | INFO | Epoch [11/50] train_loss=0.0669 val_loss=0.1653 accuracy=0.9483 macro_f1=0.9338
2026-04-23 20:48:09,236 | INFO | No val improvement for 5 epoch(s)
2026-04-23 20:48:09,295 | INFO | Early stopping triggered
2026-04-23 20:48:09,296 | INFO | === Fold 4/5 ===
2026-04-23 20:48:09,564 | INFO | Best checkpoint: /raid/home/user3/projects/ruslan_ihc/checkpoints/resnet18_cv_fold_4_seed_42_best.pth
2026-04-23 20:48:09,564 | INFO | Last checkpoint: /raid/home/user3/projects/ruslan_ihc/checkpoints/resnet18_cv_fold_4_seed_42_last.pth
2026-04-23 20:48:19,894 | INFO | Epoch [1/50] train_loss=0.3550 val_loss=0.2016 accuracy=0.9164 macro_f1=0.9036
2026-04-23 20:48:19,948 | INFO | New best model saved: /raid/home/user3/projects/ruslan_ihc/checkpoints/resnet18_cv_fold_4_seed_42_best.pth
2026-04-23 20:48:30,025 | INFO | Epoch [2/50] train_loss=0.2037 val_loss=0.1854 accuracy=0.9233 macro_f1=0.9094
2026-04-23 20:48:30,086 | INFO | New best model saved: /raid/home/user3/projects/ruslan_ihc/checkpoints/resnet18_cv_fold_4_seed_42_best.pth
2026-04-23 20:48:40,204 | INFO | Epoch [3/50] train_loss=0.1658 val_loss=0.1695 accuracy=0.9335 macro_f1=0.9226
2026-04-23 20:48:40,264 | INFO | New best model saved: /raid/home/user3/projects/ruslan_ihc/checkpoints/resnet18_cv_fold_4_seed_42_best.pth
2026-04-23 20:48:50,306 | INFO | Epoch [4/50] train_loss=0.1369 val_loss=0.1646 accuracy=0.9341 macro_f1=0.9252
2026-04-23 20:48:50,366 | INFO | New best model saved: /raid/home/user3/projects/ruslan_ihc/checkpoints/resnet18_cv_fold_4_seed_42_best.pth
2026-04-23 20:49:00,166 | INFO | Epoch [5/50] train_loss=0.1205 val_loss=0.1666 accuracy=0.9306 macro_f1=0.9152
2026-04-23 20:49:00,166 | INFO | No val improvement for 1 epoch(s)
2026-04-23 20:49:09,981 | INFO | Epoch [6/50] train_loss=0.1159 val_loss=0.1879 accuracy=0.9272 macro_f1=0.9096
2026-04-23 20:49:09,982 | INFO | No val improvement for 2 epoch(s)
2026-04-23 20:49:19,772 | INFO | Epoch [7/50] train_loss=0.0898 val_loss=0.1771 accuracy=0.9329 macro_f1=0.9226
2026-04-23 20:49:19,772 | INFO | No val improvement for 3 epoch(s)
2026-04-23 20:49:29,774 | INFO | Epoch [8/50] train_loss=0.0903 val_loss=0.2008 accuracy=0.9267 macro_f1=0.9160
2026-04-23 20:49:29,774 | INFO | No val improvement for 4 epoch(s)
2026-04-23 20:49:39,554 | INFO | Epoch [9/50] train_loss=0.0735 val_loss=0.1862 accuracy=0.9414 macro_f1=0.9275
2026-04-23 20:49:39,554 | INFO | No val improvement for 5 epoch(s)
2026-04-23 20:49:39,625 | INFO | Early stopping triggered
2026-04-23 20:49:39,626 | INFO | === Fold 5/5 ===
2026-04-23 20:49:39,903 | INFO | Best checkpoint: /raid/home/user3/projects/ruslan_ihc/checkpoints/resnet18_cv_fold_5_seed_42_best.pth
2026-04-23 20:49:39,903 | INFO | Last checkpoint: /raid/home/user3/projects/ruslan_ihc/checkpoints/resnet18_cv_fold_5_seed_42_last.pth
2026-04-23 20:49:49,986 | INFO | Epoch [1/50] train_loss=0.3508 val_loss=0.1896 accuracy=0.9244 macro_f1=0.9183
2026-04-23 20:49:50,037 | INFO | New best model saved: /raid/home/user3/projects/ruslan_ihc/checkpoints/resnet18_cv_fold_5_seed_42_best.pth
2026-04-23 20:49:59,614 | INFO | Epoch [2/50] train_loss=0.1983 val_loss=0.2066 accuracy=0.9221 macro_f1=0.9102
2026-04-23 20:49:59,614 | INFO | No val improvement for 1 epoch(s)
2026-04-23 20:50:09,193 | INFO | Epoch [3/50] train_loss=0.1723 val_loss=0.1962 accuracy=0.9227 macro_f1=0.9125
2026-04-23 20:50:09,193 | INFO | No val improvement for 2 epoch(s)
2026-04-23 20:50:18,705 | INFO | Epoch [4/50] train_loss=0.1331 val_loss=0.1643 accuracy=0.9386 macro_f1=0.9308
2026-04-23 20:50:18,762 | INFO | New best model saved: /raid/home/user3/projects/ruslan_ihc/checkpoints/resnet18_cv_fold_5_seed_42_best.pth
2026-04-23 20:50:28,370 | INFO | Epoch [5/50] train_loss=0.1367 val_loss=0.1523 accuracy=0.9471 macro_f1=0.9403
2026-04-23 20:50:28,430 | INFO | New best model saved: /raid/home/user3/projects/ruslan_ihc/checkpoints/resnet18_cv_fold_5_seed_42_best.pth
2026-04-23 20:50:38,017 | INFO | Epoch [6/50] train_loss=0.1093 val_loss=0.1842 accuracy=0.9272 macro_f1=0.9208
2026-04-23 20:50:38,017 | INFO | No val improvement for 1 epoch(s)
2026-04-23 20:50:47,704 | INFO | Epoch [7/50] train_loss=0.0999 val_loss=0.1514 accuracy=0.9443 macro_f1=0.9377
2026-04-23 20:50:47,765 | INFO | New best model saved: /raid/home/user3/projects/ruslan_ihc/checkpoints/resnet18_cv_fold_5_seed_42_best.pth
2026-04-23 20:50:57,488 | INFO | Epoch [8/50] train_loss=0.0849 val_loss=0.1576 accuracy=0.9397 macro_f1=0.9292
2026-04-23 20:50:57,489 | INFO | No val improvement for 1 epoch(s)
2026-04-23 20:51:07,040 | INFO | Epoch [9/50] train_loss=0.0737 val_loss=0.1903 accuracy=0.9437 macro_f1=0.9388
2026-04-23 20:51:07,041 | INFO | No val improvement for 2 epoch(s)
2026-04-23 20:51:16,532 | INFO | Epoch [10/50] train_loss=0.0756 val_loss=0.1552 accuracy=0.9409 macro_f1=0.9310
2026-04-23 20:51:16,533 | INFO | No val improvement for 3 epoch(s)
2026-04-23 20:51:26,143 | INFO | Epoch [11/50] train_loss=0.0636 val_loss=0.1538 accuracy=0.9488 macro_f1=0.9405
2026-04-23 20:51:26,143 | INFO | No val improvement for 4 epoch(s)
2026-04-23 20:51:35,703 | INFO | Epoch [12/50] train_loss=0.0552 val_loss=0.1628 accuracy=0.9488 macro_f1=0.9412
2026-04-23 20:51:35,703 | INFO | No val improvement for 5 epoch(s)
2026-04-23 20:51:35,766 | INFO | Early stopping triggered
2026-04-23 20:51:35,766 | INFO | CV Summary (resnet18, 5-fold, seed 42)
Mean Accuracy: 0.9390
Mean Macro F1: 0.9292
2026-04-23 20:51:35,767 | INFO | Fold metrics appended to: /raid/home/user3/projects/ruslan_ihc/outputs/cv_metrics.csv
